<?xml version="1.0" encoding="UTF-8"?>
<!-- Generated by org.testng.reporters.JUnitReportReporter -->
<testsuite hostname="Adya" name="Assignment.Testassignment" tests="4" failures="0" timestamp="1 May 2019 14:39:40 GMT" time="17.372" errors="0">
  <testcase name="testStatuscode" time="0.122" classname="Assignment.Testassignment"/>
  <testcase name="testGetData" time="0.107" classname="Assignment.Testassignment"/>
  <testcase name="testAddData" time="16.544" classname="Assignment.Testassignment"/>
  <testcase name="testDeleteData" time="0.599" classname="Assignment.Testassignment"/>
</testsuite> <!-- Assignment.Testassignment -->
