<?xml version="1.0" encoding="UTF-8"?>
<!-- Generated by org.testng.reporters.JUnitReportReporter -->
<testsuite hostname="Adya" name="getRequest.GetData" tests="4" failures="0" timestamp="1 May 2019 13:58:52 GMT" time="3.128" errors="0">
  <testcase name="testStatuscode" time="0.062" classname="getRequest.GetData"/>
  <testcase name="testBodyData" time="0.097" classname="getRequest.GetData"/>
  <testcase name="testAddData" time="2.514" classname="getRequest.GetData"/>
  <testcase name="testDeleteData" time="0.455" classname="getRequest.GetData"/>
</testsuite> <!-- getRequest.GetData -->
