<?xml version="1.0" encoding="UTF-8"?>
<!-- Generated by org.testng.reporters.JUnitReportReporter -->
<testsuite hostname="Adya" name="Assignment.Testassignment" tests="4" failures="0" timestamp="1 May 2019 15:12:58 GMT" time="2.559" errors="0">
  <testcase name="testGetData" time="0.070" classname="Assignment.Testassignment"/>
  <testcase name="testDeleteData" time="0.470" classname="Assignment.Testassignment"/>
  <testcase name="testAddData" time="1.937" classname="Assignment.Testassignment"/>
  <testcase name="testStatuscode" time="0.082" classname="Assignment.Testassignment"/>
</testsuite> <!-- Assignment.Testassignment -->
