<?xml version="1.0" encoding="UTF-8"?>
<!-- Generated by org.testng.reporters.JUnitReportReporter -->
<testsuite hostname="Adya" name="RemoteDriver.SeleniumGridTest" tests="1" failures="0" timestamp="2 Apr 2019 21:02:35 GMT" time="47.805" errors="1">
  <testcase name="runFirefox" time="47.805" classname="RemoteDriver.SeleniumGridTest">
    <error type="org.openqa.selenium.WebDriverException" message="Unable to connect to host 127.0.0.1 on port 7055 after 45000 ms. Firefox console output:
bAdvisor&quot;,&quot;description&quot;:&quot;McAfeeÂ® WebAdvisor&quot;,&quot;creator&quot;:null,&quot;developers&quot;:null,&quot;translators&quot;:null,&quot;contributors&quot;:null,&quot;locales&quot;:[&quot;fi&quot;]},{&quot;name&quot;:&quot;McAfeeÂ® WebAdvisor&quot;,&quot;description&quot;:&quot;McAfeeÂ® WebAdvisor&quot;,&quot;creator&quot;:null,&quot;developers&quot;:null,&quot;translators&quot;:null,&quot;contributors&quot;:null,&quot;locales&quot;:[&quot;el&quot;]},{&quot;name&quot;:&quot;McAfeeÂ® WebAdvisor&quot;,&quot;description&quot;:&quot;McAfeeÂ® WebAdvisor&quot;,&quot;creator&quot;:null,&quot;developers&quot;:null,&quot;translators&quot;:null,&quot;contributors&quot;:null,&quot;locales&quot;:[&quot;pt-BR&quot;]},{&quot;name&quot;:&quot;McAfeeÂ® WebAdvisor&quot;,&quot;description&quot;:&quot;McAfeeÂ® WebAdvisor&quot;,&quot;creator&quot;:null,&quot;developers&quot;:null,&quot;translators&quot;:null,&quot;contributors&quot;:null,&quot;locales&quot;:[&quot;es&quot;]},{&quot;name&quot;:&quot;McAfeeÂ® WebAdvisor&quot;,&quot;description&quot;:&quot;McAfeeÂ® WebAdvisor&quot;,&quot;creator&quot;:null,&quot;developers&quot;:null,&quot;translators&quot;:null,&quot;contributors&quot;:null,&quot;locales&quot;:[&quot;zh-TW&quot;]},{&quot;name&quot;:&quot;McAfeeÂ® WebAdvisor&quot;,&quot;description&quot;:&quot;McAfeeÂ® WebAdvisor&quot;,&quot;creator&quot;:null,&quot;developers&quot;:null,&quot;translators&quot;:null,&quot;contributors&quot;:null,&quot;locales&quot;:[&quot;da&quot;]},{&quot;name&quot;:&quot;McAfeeÂ® WebAdvisor&quot;,&quot;description&quot;:&quot;McAfeeÂ® WebAdvisor&quot;,&quot;creator&quot;:null,&quot;developers&quot;:null,&quot;translators&quot;:null,&quot;contributors&quot;:null,&quot;locales&quot;:[&quot;tr&quot;]},{&quot;name&quot;:&quot;McAfeeÂ® WebAdvisor&quot;,&quot;description&quot;:&quot;McAfeeÂ® WebAdvisor&quot;,&quot;creator&quot;:null,&quot;developers&quot;:null,&quot;translators&quot;:null,&quot;contributors&quot;:null,&quot;locales&quot;:[&quot;nl&quot;]}],&quot;targetApplications&quot;:[{&quot;id&quot;:&quot;toolkit@mozilla.org&quot;,&quot;minVersion&quot;:&quot;51.0&quot;,&quot;maxVersion&quot;:null}],&quot;targetPlatforms&quot;:[],&quot;signedState&quot;:2,&quot;seen&quot;:false,&quot;dependencies&quot;:[],&quot;userPermissions&quot;:{&quot;permissions&quot;:[&quot;tabs&quot;,&quot;downloads&quot;,&quot;nativeMessaging&quot;,&quot;webRequest&quot;,&quot;storage&quot;],&quot;origins&quot;:[&quot;&lt;all_urls&gt;&quot;,&quot;http://*/*&quot;,&quot;https://*/*&quot;]},&quot;icons&quot;:{&quot;128&quot;:&quot;images/webadvisor.png&quot;},&quot;iconURL&quot;:null,&quot;blocklistState&quot;:0,&quot;blocklistURL&quot;:null,&quot;startupData&quot;:null,&quot;hidden&quot;:false,&quot;installTelemetryInfo&quot;:{&quot;source&quot;:&quot;winreg-app-global&quot;,&quot;method&quot;:&quot;sideload&quot;},&quot;location&quot;:&quot;winreg-app-global&quot;}
1554238910955	addons.xpi-utils	DEBUG	Updating add-on states
1554238910956	addons.xpi	DEBUG	Calling bootstrap method startup on formautofill@mozilla.org version 1.0
1554238910958	addons.xpi	DEBUG	Calling bootstrap method startup on screenshots@mozilla.org version 35.0.0
1554238910959	addons.xpi	DEBUG	Calling bootstrap method startup on webcompat@mozilla.org version 3.0.2
1554238910961	addons.manager	DEBUG	Registering shutdown blocker for XPIProvider
1554238910961	addons.manager	DEBUG	Provider finished startup: XPIProvider
1554238910961	addons.manager	DEBUG	Starting provider: LightweightThemeManager
1554238910961	addons.manager	DEBUG	Registering shutdown blocker for LightweightThemeManager
1554238910962	addons.manager	DEBUG	Provider finished startup: LightweightThemeManager
1554238910962	addons.manager	DEBUG	Starting provider: GMPProvider
1554238910965	addons.manager	DEBUG	Registering shutdown blocker for GMPProvider
1554238910966	addons.manager	DEBUG	Provider finished startup: GMPProvider
1554238910966	addons.manager	DEBUG	Starting provider: PluginProvider
1554238910966	addons.manager	DEBUG	Registering shutdown blocker for PluginProvider
1554238910966	addons.manager	DEBUG	Provider finished startup: PluginProvider
1554238910972	addons.manager	DEBUG	Completed startup sequence
1554238912679	addons.repository	DEBUG	No addons.json found.
1554238913266	addons.manager	DEBUG	Registering upgrade listener for formautofill@mozilla.org
1554238913337	addons.xpi	DEBUG	Ignoring file: name is not a valid add-on ID: C:\Users\Adya\AppData\Local\Temp\anonymous4054392423080606935webdriver-profile\extensions\webdriver-staging
1554238913338	addons.xpi	DEBUG	Existing add-on formautofill@mozilla.org in app-system-defaults
1554238913338	addons.xpi	DEBUG	Existing add-on screenshots@mozilla.org in app-system-defaults
1554238913338	addons.xpi	DEBUG	Existing add-on webcompat-reporter@mozilla.org in app-system-defaults
1554238913338	addons.xpi	DEBUG	Existing add-on webcompat@mozilla.org in app-system-defaults
1554238913339	addons.xpi	DEBUG	Existing add-on {4ED1F68A-5463-4931-9384-8FFF5ED91D92} in winreg-app-global
1554238913339	addons.xpi	DEBUG	scanForChanges changed: false, state: {}
JavaScript error: resource://gre/modules/addons/XPIProvider.jsm, line 2614: TypeError: addon is null

Command duration or timeout: 46.56 seconds">
      <![CDATA[org.openqa.selenium.WebDriverException: Unable to connect to host 127.0.0.1 on port 7055 after 45000 ms. Firefox console output:
bAdvisor","description":"McAfeeÂ® WebAdvisor","creator":null,"developers":null,"translators":null,"contributors":null,"locales":["fi"]},{"name":"McAfeeÂ® WebAdvisor","description":"McAfeeÂ® WebAdvisor","creator":null,"developers":null,"translators":null,"contributors":null,"locales":["el"]},{"name":"McAfeeÂ® WebAdvisor","description":"McAfeeÂ® WebAdvisor","creator":null,"developers":null,"translators":null,"contributors":null,"locales":["pt-BR"]},{"name":"McAfeeÂ® WebAdvisor","description":"McAfeeÂ® WebAdvisor","creator":null,"developers":null,"translators":null,"contributors":null,"locales":["es"]},{"name":"McAfeeÂ® WebAdvisor","description":"McAfeeÂ® WebAdvisor","creator":null,"developers":null,"translators":null,"contributors":null,"locales":["zh-TW"]},{"name":"McAfeeÂ® WebAdvisor","description":"McAfeeÂ® WebAdvisor","creator":null,"developers":null,"translators":null,"contributors":null,"locales":["da"]},{"name":"McAfeeÂ® WebAdvisor","description":"McAfeeÂ® WebAdvisor","creator":null,"developers":null,"translators":null,"contributors":null,"locales":["tr"]},{"name":"McAfeeÂ® WebAdvisor","description":"McAfeeÂ® WebAdvisor","creator":null,"developers":null,"translators":null,"contributors":null,"locales":["nl"]}],"targetApplications":[{"id":"toolkit@mozilla.org","minVersion":"51.0","maxVersion":null}],"targetPlatforms":[],"signedState":2,"seen":false,"dependencies":[],"userPermissions":{"permissions":["tabs","downloads","nativeMessaging","webRequest","storage"],"origins":["<all_urls>","http://*/*","https://*/*"]},"icons":{"128":"images/webadvisor.png"},"iconURL":null,"blocklistState":0,"blocklistURL":null,"startupData":null,"hidden":false,"installTelemetryInfo":{"source":"winreg-app-global","method":"sideload"},"location":"winreg-app-global"}
1554238910955	addons.xpi-utils	DEBUG	Updating add-on states
1554238910956	addons.xpi	DEBUG	Calling bootstrap method startup on formautofill@mozilla.org version 1.0
1554238910958	addons.xpi	DEBUG	Calling bootstrap method startup on screenshots@mozilla.org version 35.0.0
1554238910959	addons.xpi	DEBUG	Calling bootstrap method startup on webcompat@mozilla.org version 3.0.2
1554238910961	addons.manager	DEBUG	Registering shutdown blocker for XPIProvider
1554238910961	addons.manager	DEBUG	Provider finished startup: XPIProvider
1554238910961	addons.manager	DEBUG	Starting provider: LightweightThemeManager
1554238910961	addons.manager	DEBUG	Registering shutdown blocker for LightweightThemeManager
1554238910962	addons.manager	DEBUG	Provider finished startup: LightweightThemeManager
1554238910962	addons.manager	DEBUG	Starting provider: GMPProvider
1554238910965	addons.manager	DEBUG	Registering shutdown blocker for GMPProvider
1554238910966	addons.manager	DEBUG	Provider finished startup: GMPProvider
1554238910966	addons.manager	DEBUG	Starting provider: PluginProvider
1554238910966	addons.manager	DEBUG	Registering shutdown blocker for PluginProvider
1554238910966	addons.manager	DEBUG	Provider finished startup: PluginProvider
1554238910972	addons.manager	DEBUG	Completed startup sequence
1554238912679	addons.repository	DEBUG	No addons.json found.
1554238913266	addons.manager	DEBUG	Registering upgrade listener for formautofill@mozilla.org
1554238913337	addons.xpi	DEBUG	Ignoring file: name is not a valid add-on ID: C:\Users\Adya\AppData\Local\Temp\anonymous4054392423080606935webdriver-profile\extensions\webdriver-staging
1554238913338	addons.xpi	DEBUG	Existing add-on formautofill@mozilla.org in app-system-defaults
1554238913338	addons.xpi	DEBUG	Existing add-on screenshots@mozilla.org in app-system-defaults
1554238913338	addons.xpi	DEBUG	Existing add-on webcompat-reporter@mozilla.org in app-system-defaults
1554238913338	addons.xpi	DEBUG	Existing add-on webcompat@mozilla.org in app-system-defaults
1554238913339	addons.xpi	DEBUG	Existing add-on {4ED1F68A-5463-4931-9384-8FFF5ED91D92} in winreg-app-global
1554238913339	addons.xpi	DEBUG	scanForChanges changed: false, state: {}
JavaScript error: resource://gre/modules/addons/XPIProvider.jsm, line 2614: TypeError: addon is null

Command duration or timeout: 46.56 seconds
	at sun.reflect.NativeConstructorAccessorImpl.newInstance0(Native Method)
	at sun.reflect.NativeConstructorAccessorImpl.newInstance(NativeConstructorAccessorImpl.java:62)
	at sun.reflect.DelegatingConstructorAccessorImpl.newInstance(DelegatingConstructorAccessorImpl.java:45)
	at java.lang.reflect.Constructor.newInstance(Constructor.java:423)
	at org.openqa.selenium.remote.ErrorHandler.createThrowable(ErrorHandler.java:214)
	at org.openqa.selenium.remote.ErrorHandler.throwIfResponseFailed(ErrorHandler.java:166)
	at org.openqa.selenium.remote.JsonWireProtocolResponse.lambda$errorHandler$0(JsonWireProtocolResponse.java:54)
	at org.openqa.selenium.remote.HandshakeResponse.lambda$getResponseFunction$0(HandshakeResponse.java:30)
	at org.openqa.selenium.remote.ProtocolHandshake.lambda$createSession$0(ProtocolHandshake.java:126)
	at java.util.stream.ReferencePipeline$3$1.accept(ReferencePipeline.java:193)
	at java.util.Spliterators$ArraySpliterator.tryAdvance(Spliterators.java:958)
	at java.util.stream.ReferencePipeline.forEachWithCancel(ReferencePipeline.java:126)
	at java.util.stream.AbstractPipeline.copyIntoWithCancel(AbstractPipeline.java:498)
	at java.util.stream.AbstractPipeline.copyInto(AbstractPipeline.java:485)
	at java.util.stream.AbstractPipeline.wrapAndCopyInto(AbstractPipeline.java:471)
	at java.util.stream.FindOps$FindOp.evaluateSequential(FindOps.java:152)
	at java.util.stream.AbstractPipeline.evaluate(AbstractPipeline.java:234)
	at java.util.stream.ReferencePipeline.findFirst(ReferencePipeline.java:464)
	at org.openqa.selenium.remote.ProtocolHandshake.createSession(ProtocolHandshake.java:128)
	at org.openqa.selenium.remote.ProtocolHandshake.createSession(ProtocolHandshake.java:74)
	at org.openqa.selenium.remote.HttpCommandExecutor.execute(HttpCommandExecutor.java:136)
	at org.openqa.selenium.remote.RemoteWebDriver.execute(RemoteWebDriver.java:552)
	at org.openqa.selenium.remote.RemoteWebDriver.startSession(RemoteWebDriver.java:213)
	at org.openqa.selenium.remote.RemoteWebDriver.<init>(RemoteWebDriver.java:131)
	at org.openqa.selenium.remote.RemoteWebDriver.<init>(RemoteWebDriver.java:144)
	at RemoteDriver.SeleniumGridTest.runFirefox(SeleniumGridTest.java:29)
	at sun.reflect.NativeMethodAccessorImpl.invoke0(Native Method)
	at sun.reflect.NativeMethodAccessorImpl.invoke(NativeMethodAccessorImpl.java:62)
	at sun.reflect.DelegatingMethodAccessorImpl.invoke(DelegatingMethodAccessorImpl.java:43)
	at java.lang.reflect.Method.invoke(Method.java:498)
	at org.testng.internal.MethodInvocationHelper.invokeMethod(MethodInvocationHelper.java:86)
	at org.testng.internal.Invoker.invokeMethod(Invoker.java:645)
	at org.testng.internal.Invoker.invokeTestMethod(Invoker.java:822)
	at org.testng.internal.Invoker.invokeTestMethods(Invoker.java:1130)
	at org.testng.internal.TestMethodWorker.invokeTestMethods(TestMethodWorker.java:129)
	at org.testng.internal.TestMethodWorker.run(TestMethodWorker.java:112)
	at org.testng.TestRunner.privateRun(TestRunner.java:782)
	at org.testng.TestRunner.run(TestRunner.java:632)
	at org.testng.SuiteRunner.runTest(SuiteRunner.java:366)
	at org.testng.SuiteRunner.runSequentially(SuiteRunner.java:361)
	at org.testng.SuiteRunner.privateRun(SuiteRunner.java:319)
	at org.testng.SuiteRunner.run(SuiteRunner.java:268)
	at org.testng.SuiteRunnerWorker.runSuite(SuiteRunnerWorker.java:52)
	at org.testng.SuiteRunnerWorker.run(SuiteRunnerWorker.java:86)
	at org.testng.TestNG.runSuitesSequentially(TestNG.java:1244)
	at org.testng.TestNG.runSuitesLocally(TestNG.java:1169)
	at org.testng.TestNG.run(TestNG.java:1064)
	at org.testng.remote.RemoteTestNG.run(RemoteTestNG.java:113)
	at org.testng.remote.RemoteTestNG.initAndRun(RemoteTestNG.java:206)
	at org.testng.remote.RemoteTestNG.main(RemoteTestNG.java:177)
Caused by: org.openqa.selenium.remote.ErrorHandler$UnknownServerException: Unable to connect to host 127.0.0.1 on port 7055 after 45000 ms. Firefox console output:
bAdvisor","description":"McAfeeÂ® WebAdvisor","creator":null,"developers":null,"translators":null,"contributors":null,"locales":["fi"]},{"name":"McAfeeÂ® WebAdvisor","description":"McAfeeÂ® WebAdvisor","creator":null,"developers":null,"translators":null,"contributors":null,"locales":["el"]},{"name":"McAfeeÂ® WebAdvisor","description":"McAfeeÂ® WebAdvisor","creator":null,"developers":null,"translators":null,"contributors":null,"locales":["pt-BR"]},{"name":"McAfeeÂ® WebAdvisor","description":"McAfeeÂ® WebAdvisor","creator":null,"developers":null,"translators":null,"contributors":null,"locales":["es"]},{"name":"McAfeeÂ® WebAdvisor","description":"McAfeeÂ® WebAdvisor","creator":null,"developers":null,"translators":null,"contributors":null,"locales":["zh-TW"]},{"name":"McAfeeÂ® WebAdvisor","description":"McAfeeÂ® WebAdvisor","creator":null,"developers":null,"translators":null,"contributors":null,"locales":["da"]},{"name":"McAfeeÂ® WebAdvisor","description":"McAfeeÂ® WebAdvisor","creator":null,"developers":null,"translators":null,"contributors":null,"locales":["tr"]},{"name":"McAfeeÂ® WebAdvisor","description":"McAfeeÂ® WebAdvisor","creator":null,"developers":null,"translators":null,"contributors":null,"locales":["nl"]}],"targetApplications":[{"id":"toolkit@mozilla.org","minVersion":"51.0","maxVersion":null}],"targetPlatforms":[],"signedState":2,"seen":false,"dependencies":[],"userPermissions":{"permissions":["tabs","downloads","nativeMessaging","webRequest","storage"],"origins":["<all_urls>","http://*/*","https://*/*"]},"icons":{"128":"images/webadvisor.png"},"iconURL":null,"blocklistState":0,"blocklistURL":null,"startupData":null,"hidden":false,"installTelemetryInfo":{"source":"winreg-app-global","method":"sideload"},"location":"winreg-app-global"}
1554238910955	addons.xpi-utils	DEBUG	Updating add-on states
1554238910956	addons.xpi	DEBUG	Calling bootstrap method startup on formautofill@mozilla.org version 1.0
1554238910958	addons.xpi	DEBUG	Calling bootstrap method startup on screenshots@mozilla.org version 35.0.0
1554238910959	addons.xpi	DEBUG	Calling bootstrap method startup on webcompat@mozilla.org version 3.0.2
1554238910961	addons.manager	DEBUG	Registering shutdown blocker for XPIProvider
1554238910961	addons.manager	DEBUG	Provider finished startup: XPIProvider
1554238910961	addons.manager	DEBUG	Starting provider: LightweightThemeManager
1554238910961	addons.manager	DEBUG	Registering shutdown blocker for LightweightThemeManager
1554238910962	addons.manager	DEBUG	Provider finished startup: LightweightThemeManager
1554238910962	addons.manager	DEBUG	Starting provider: GMPProvider
1554238910965	addons.manager	DEBUG	Registering shutdown blocker for GMPProvider
1554238910966	addons.manager	DEBUG	Provider finished startup: GMPProvider
1554238910966	addons.manager	DEBUG	Starting provider: PluginProvider
1554238910966	addons.manager	DEBUG	Registering shutdown blocker for PluginProvider
1554238910966	addons.manager	DEBUG	Provider finished startup: PluginProvider
1554238910972	addons.manager	DEBUG	Completed startup sequence
1554238912679	addons.repository	DEBUG	No addons.json found.
1554238913266	addons.manager	DEBUG	Registering upgrade listener for formautofill@mozilla.org
1554238913337	addons.xpi	DEBUG	Ignoring file: name is not a valid add-on ID: C:\Users\Adya\AppData\Local\Temp\anonymous4054392423080606935webdriver-profile\extensions\webdriver-staging
1554238913338	addons.xpi	DEBUG	Existing add-on formautofill@mozilla.org in app-system-defaults
1554238913338	addons.xpi	DEBUG	Existing add-on screenshots@mozilla.org in app-system-defaults
1554238913338	addons.xpi	DEBUG	Existing add-on webcompat-reporter@mozilla.org in app-system-defaults
1554238913338	addons.xpi	DEBUG	Existing add-on webcompat@mozilla.org in app-system-defaults
1554238913339	addons.xpi	DEBUG	Existing add-on {4ED1F68A-5463-4931-9384-8FFF5ED91D92} in winreg-app-global
1554238913339	addons.xpi	DEBUG	scanForChanges changed: false, state: {}
JavaScript error: resource://gre/modules/addons/XPIProvider.jsm, line 2614: TypeError: addon is null

Build info: version: '3.141.59', revision: 'e82be7d358', time: '2018-11-14T08:17:03'
System info: host: 'ADYA', ip: '192.168.0.2', os.name: 'Windows 10', os.arch: 'amd64', os.version: '10.0', java.version: '1.8.0_202'
Driver info: driver.version: FirefoxDriver
	at org.openqa.selenium.firefox.internal.NewProfileExtensionConnection.start(NewProfileExtensionConnection.java:112)
	at org.openqa.selenium.firefox.FirefoxDriver.startClient(FirefoxDriver.java:271)
	at org.openqa.selenium.remote.RemoteWebDriver.<init>(RemoteWebDriver.java:119)
	at org.openqa.selenium.firefox.FirefoxDriver.<init>(FirefoxDriver.java:218)
	at org.openqa.selenium.firefox.FirefoxDriver.<init>(FirefoxDriver.java:211)
	at org.openqa.selenium.firefox.FirefoxDriver.<init>(FirefoxDriver.java:129)
	at sun.reflect.NativeConstructorAccessorImpl.newInstance0(Native Method)
	at sun.reflect.NativeConstructorAccessorImpl.newInstance(Unknown Source)
	at sun.reflect.DelegatingConstructorAccessorImpl.newInstance(Unknown Source)
	at java.lang.reflect.Constructor.newInstance(Unknown Source)
	at org.openqa.selenium.remote.server.FirefoxDriverProvider.callConstructor(FirefoxDriverProvider.java:91)
	at org.openqa.selenium.remote.server.FirefoxDriverProvider.newInstance(FirefoxDriverProvider.java:68)
	at org.openqa.selenium.remote.server.DefaultDriverFactory.newInstance(DefaultDriverFactory.java:60)
	at org.openqa.selenium.remote.server.DefaultSession$BrowserCreator.call(DefaultSession.java:222)
	at org.openqa.selenium.remote.server.DefaultSession$BrowserCreator.call(DefaultSession.java:1)
	at java.util.concurrent.FutureTask.run(Unknown Source)
	at org.openqa.selenium.remote.server.DefaultSession$1.run(DefaultSession.java:176)
	at java.util.concurrent.ThreadPoolExecutor.runWorker(Unknown Source)
	at java.util.concurrent.ThreadPoolExecutor$Worker.run(Unknown Source)
	at java.lang.Thread.run(Unknown Source)
]]>
    </error>
  </testcase> <!-- runFirefox -->
</testsuite> <!-- RemoteDriver.SeleniumGridTest -->
