<?xml version="1.0" encoding="UTF-8"?>
<!-- Generated by org.testng.reporters.JUnitReportReporter -->
<testsuite hostname="Adya" name="ALMTest.ALMConnector" tests="1" failures="0" timestamp="3 Apr 2019 11:37:03 GMT" time="5.196" errors="0">
  <testcase name="login" time="5.196" classname="ALMTest.ALMConnector"/>
</testsuite> <!-- ALMTest.ALMConnector -->
